<?xml version="1.0" encoding="UTF-8"?>
<!-- Generated by org.testng.reporters.JUnitXMLReporter -->
<testsuite hostname="DESKTOP-FTBSBLI" name="Car Loan" tests="4" failures="0" timestamp="10 Dec 2020 06:25:20 GMT" time="0.081" errors="0">
  <testcase name="loginApiCarLoan" time="0.002" classname="com.testng.day3"/>
  <testcase name="smoke3" time="0.003" classname="com.testng.day3"/>
  <testcase name="smoke4" time="0.006" classname="com.testng.day3"/>
  <testcase name="webLoginCarLoan" time="0.029" classname="com.testng.day3"/>
</testsuite> <!-- Car Loan -->
