<?xml version="1.0" encoding="UTF-8"?>
<!-- Generated by org.testng.reporters.JUnitXMLReporter -->
<testsuite hostname="DESKTOP-FTBSBLI" name="Government Trading Loan" tests="6" failures="0" timestamp="10 Dec 2020 06:25:19 GMT" time="0.14" errors="0">
  <testcase name="demoTest2" time="0.018" classname="com.testng.Basics_day1"/>
  <testcase name="loanTest" time="0.006" classname="com.testng.day2"/>
  <testcase name="smoke2" time="0.003" classname="com.testng.day2"/>
  <testcase name="loginApiHomeLoan" time="0.005" classname="com.testng.day4"/>
  <testcase name="mobileLoginHomeLoan" time="0.005" classname="com.testng.day4"/>
  <testcase name="webLoginHomeLoan" time="0.004" classname="com.testng.day4"/>
</testsuite> <!-- Government Trading Loan -->
