<?xml version="1.0" encoding="UTF-8"?>
<!-- Generated by org.testng.reporters.JUnitXMLReporter -->
<testsuite hostname="DESKTOP-FTBSBLI" name="Regresssion Test" tests="4" failures="0" timestamp="8 Dec 2020 03:41:22 GMT" time="0.203" errors="0">
  <testcase name="smoke1" time="0.078" classname="com.testng.Basics_day1"/>
  <testcase name="smoke2" time="0.0" classname="com.testng.day2"/>
  <testcase name="smoke3" time="0.0" classname="com.testng.day3"/>
  <testcase name="smoke4" time="0.0" classname="com.testng.day3"/>
</testsuite> <!-- Regresssion Test -->
