<?xml version="1.0" encoding="UTF-8"?>
<!-- Generated by org.testng.reporters.JUnitXMLReporter -->
<testsuite hostname="DESKTOP-FTBSBLI" name="Default test" tests="10" failures="0" timestamp="10 Dec 2020 05:03:58 GMT" time="0.15" errors="0">
  <testcase name="loginApiCarLoan" time="0.015" classname="com.testng.day3"/>
  <testcase name="mobileLoginCarLoan" time="0.0" classname="com.testng.day3">
    <skipped/>
  </testcase> <!-- mobileLoginCarLoan -->
  <testcase name="mobileLoginCarLoan2" time="0.005" classname="com.testng.day3"/>
  <testcase name="mobileLoginCarLoan2" time="0.005" classname="com.testng.day3"/>
  <testcase name="mobileLoginCarLoan2" time="0.01" classname="com.testng.day3"/>
  <testcase name="mobileLoginCarLoan3" time="0.005" classname="com.testng.day3"/>
  <testcase name="mobileLoginCarLoan4" time="0.005" classname="com.testng.day3"/>
  <testcase name="smoke3" time="0.005" classname="com.testng.day3"/>
  <testcase name="smoke4" time="0.005" classname="com.testng.day3"/>
  <testcase name="webLoginCarLoan" time="0.005" classname="com.testng.day3"/>
</testsuite> <!-- Default test -->
